mode: set
github.com/prprprus/scheduler/scheduler.go:115.41,122.23 4 1
github.com/prprprus/scheduler/scheduler.go:122.23,123.39 1 1
github.com/prprprus/scheduler/scheduler.go:127.3,128.29 2 1
github.com/prprprus/scheduler/scheduler.go:123.39,124.22 1 0
github.com/prprprus/scheduler/scheduler.go:162.34,163.21 1 1
github.com/prprprus/scheduler/scheduler.go:167.2,168.10 2 1
github.com/prprprus/scheduler/scheduler.go:163.21,164.24 1 1
github.com/prprprus/scheduler/scheduler.go:172.34,173.21 1 1
github.com/prprprus/scheduler/scheduler.go:177.2,178.10 2 1
github.com/prprprus/scheduler/scheduler.go:173.21,174.24 1 1
github.com/prprprus/scheduler/scheduler.go:182.32,183.21 1 1
github.com/prprprus/scheduler/scheduler.go:187.2,188.10 2 1
github.com/prprprus/scheduler/scheduler.go:183.21,184.22 1 1
github.com/prprprus/scheduler/scheduler.go:192.31,193.21 1 1
github.com/prprprus/scheduler/scheduler.go:197.2,198.10 2 1
github.com/prprprus/scheduler/scheduler.go:193.21,194.21 1 1
github.com/prprprus/scheduler/scheduler.go:202.35,203.20 1 1
github.com/prprprus/scheduler/scheduler.go:207.2,208.10 2 1
github.com/prprprus/scheduler/scheduler.go:203.20,204.25 1 1
github.com/prprprus/scheduler/scheduler.go:212.33,213.21 1 1
github.com/prprprus/scheduler/scheduler.go:217.2,218.10 2 1
github.com/prprprus/scheduler/scheduler.go:213.21,214.23 1 1
github.com/prprprus/scheduler/scheduler.go:222.70,226.16 3 1
github.com/prprprus/scheduler/scheduler.go:282.2,282.13 1 1
github.com/prprprus/scheduler/scheduler.go:227.13,230.26 2 1
github.com/prprprus/scheduler/scheduler.go:245.3,248.13 4 1
github.com/prprprus/scheduler/scheduler.go:256.13,261.13 4 1
github.com/prprprus/scheduler/scheduler.go:278.10,279.20 1 0
github.com/prprprus/scheduler/scheduler.go:230.26,231.13 1 1
github.com/prprprus/scheduler/scheduler.go:232.16,233.29 1 1
github.com/prprprus/scheduler/scheduler.go:234.16,235.34 1 1
github.com/prprprus/scheduler/scheduler.go:236.14,237.37 1 1
github.com/prprprus/scheduler/scheduler.go:238.13,239.41 1 1
github.com/prprprus/scheduler/scheduler.go:240.12,241.23 1 0
github.com/prprprus/scheduler/scheduler.go:248.13,255.4 3 1
github.com/prprprus/scheduler/scheduler.go:261.13,263.38 1 1
github.com/prprprus/scheduler/scheduler.go:263.38,270.74 2 1
github.com/prprprus/scheduler/scheduler.go:270.74,275.6 2 0
github.com/prprprus/scheduler/scheduler.go:286.21,289.27 3 1
github.com/prprprus/scheduler/scheduler.go:294.2,294.15 1 1
github.com/prprprus/scheduler/scheduler.go:301.2,301.17 1 1
github.com/prprprus/scheduler/scheduler.go:289.27,291.3 1 1
github.com/prprprus/scheduler/scheduler.go:294.15,295.35 1 1
github.com/prprprus/scheduler/scheduler.go:295.35,298.4 2 0
github.com/prprprus/scheduler/scheduler.go:313.48,314.25 1 1
github.com/prprprus/scheduler/scheduler.go:317.2,317.14 1 1
github.com/prprprus/scheduler/scheduler.go:321.2,325.15 2 1
github.com/prprprus/scheduler/scheduler.go:314.25,316.3 1 1
github.com/prprprus/scheduler/scheduler.go:317.14,319.3 1 1
github.com/prprprus/scheduler/scheduler.go:329.34,334.35 3 1
github.com/prprprus/scheduler/scheduler.go:339.2,348.10 4 1
github.com/prprprus/scheduler/scheduler.go:334.35,335.31 1 0
github.com/prprprus/scheduler/scheduler.go:352.34,357.35 3 1
github.com/prprprus/scheduler/scheduler.go:362.2,372.10 4 1
github.com/prprprus/scheduler/scheduler.go:357.35,358.31 1 0
github.com/prprprus/scheduler/scheduler.go:376.57,380.40 3 1
github.com/prprprus/scheduler/scheduler.go:383.2,383.27 1 1
github.com/prprprus/scheduler/scheduler.go:380.40,382.3 1 1
github.com/prprprus/scheduler/scheduler.go:387.56,389.16 2 1
github.com/prprprus/scheduler/scheduler.go:393.2,393.22 1 1
github.com/prprprus/scheduler/scheduler.go:389.16,391.3 1 1
github.com/prprprus/scheduler/scheduler.go:397.65,399.16 2 1
github.com/prprprus/scheduler/scheduler.go:403.2,403.23 1 1
github.com/prprprus/scheduler/scheduler.go:399.16,401.3 1 1
github.com/prprprus/scheduler/scheduler.go:407.54,411.40 3 1
github.com/prprprus/scheduler/scheduler.go:414.2,414.19 1 1
github.com/prprprus/scheduler/scheduler.go:411.40,413.3 1 1
github.com/prprprus/scheduler/scheduler.go:418.48,420.40 1 1
github.com/prprprus/scheduler/scheduler.go:424.2,424.39 1 1
github.com/prprprus/scheduler/scheduler.go:429.2,430.18 2 1
github.com/prprprus/scheduler/scheduler.go:420.40,422.3 1 1
github.com/prprprus/scheduler/scheduler.go:424.39,426.3 1 1
github.com/prprprus/scheduler/scheduler.go:431.13,433.9 2 1
github.com/prprprus/scheduler/scheduler.go:436.3,436.22 1 0
github.com/prprprus/scheduler/scheduler.go:437.13,439.13 2 1
github.com/prprprus/scheduler/scheduler.go:440.10,441.20 1 0
github.com/prprprus/scheduler/scheduler.go:433.9,435.4 1 1
github.com/prprprus/scheduler/scheduler.go:448.26,453.2 4 1
github.com/prprprus/scheduler/scheduler.go:456.50,457.22 1 1
github.com/prprprus/scheduler/scheduler.go:460.2,467.3 1 1
github.com/prprprus/scheduler/scheduler.go:457.22,459.3 1 1
